<?xml version="1.0" encoding="UTF-8"?>
<!-- Generated by org.testng.reporters.JUnitReportReporter -->
<testsuite hostname="lap" name="com.atoito.please.test.unit.DefaultRegistryTest" tests="3" failures="0" timestamp="24 Feb 2012 20:46:38 GMT" time="0.711" errors="0">
  <testcase name="loadDefinitionsUrl" time="0.409" classname="com.atoito.please.test.unit.DefaultRegistryTest"/>
  <testcase name="loadOpsFile" time="0.272" classname="com.atoito.please.test.unit.DefaultRegistryTest"/>
  <testcase name="loadPluginsDefinitions" time="0.030" classname="com.atoito.please.test.unit.DefaultRegistryTest"/>
</testsuite>
