<?xml version="1.0" encoding="UTF-8"?>
<!-- Generated by org.testng.reporters.JUnitReportReporter -->
<testsuite hostname="lap" name="com.atoito.please.test.unit.DirectoriesTest" tests="3" failures="0" timestamp="24 Feb 2012 20:46:38 GMT" time="0.048" errors="0">
  <testcase name="testFilteredListing" time="0.030" classname="com.atoito.please.test.unit.DirectoriesTest"/>
  <testcase name="testListing" time="0.013" classname="com.atoito.please.test.unit.DirectoriesTest"/>
  <testcase name="testIsEmpty" time="0.005" classname="com.atoito.please.test.unit.DirectoriesTest"/>
</testsuite>
