<?xml version="1.0" encoding="UTF-8"?>
<!-- Generated by org.testng.reporters.JUnitReportReporter -->
<testsuite hostname="lap" name="com.atoito.please.test.unit.OpsDslEngineTest" tests="1" failures="0" timestamp="24 Feb 2012 20:46:38 GMT" time="0.059" errors="0">
  <testcase name="smokeTestWithStubRegistry" time="0.059" classname="com.atoito.please.test.unit.OpsDslEngineTest"/>
</testsuite>
