<?xml version="1.0" encoding="UTF-8"?>
<!-- Generated by org.testng.reporters.JUnitReportReporter -->
<testsuite hostname="lap" name="com.atoito.please.test.unit.ArchiveActionsTest" tests="2" failures="0" timestamp="28 Feb 2012 20:27:00 GMT" time="0.115" errors="0">
  <testcase name="zipDirectory" time="0.111" classname="com.atoito.please.test.unit.ArchiveActionsTest"/>
  <testcase name="unzipArchive" time="0.004" classname="com.atoito.please.test.unit.ArchiveActionsTest"/>
</testsuite> <!-- com.atoito.please.test.unit.ArchiveActionsTest -->
