<?xml version="1.0" encoding="UTF-8"?>
<!-- Generated by org.testng.reporters.JUnitReportReporter -->
<testsuite hostname="lap" name="com.atoito.please.test.unit.AppendActionTest" tests="1" failures="0" timestamp="28 Feb 2012 20:27:00 GMT" time="0.103" errors="0">
  <testcase name="appendContent" time="0.103" classname="com.atoito.please.test.unit.AppendActionTest"/>
</testsuite> <!-- com.atoito.please.test.unit.AppendActionTest -->
