<?xml version="1.0" encoding="UTF-8"?>
<!-- Generated by org.testng.reporters.JUnitReportReporter -->
<testsuite hostname="lap" name="com.atoito.please.test.unit.OperationClosureDelegateTest" tests="1" failures="0" timestamp="28 Feb 2012 20:27:00 GMT" time="0.040" errors="0">
  <testcase name="operationLoading" time="0.040" classname="com.atoito.please.test.unit.OperationClosureDelegateTest"/>
</testsuite> <!-- com.atoito.please.test.unit.OperationClosureDelegateTest -->
