<?xml version="1.0" encoding="UTF-8"?>
<!-- Generated by org.testng.reporters.JUnitReportReporter -->
<testsuite hostname="lap" name="com.atoito.please.test.unit.ArchiveActionsTest" tests="2" failures="0" timestamp="24 Feb 2012 20:46:38 GMT" time="0.210" errors="0">
  <testcase name="zipDirectory" time="0.203" classname="com.atoito.please.test.unit.ArchiveActionsTest"/>
  <testcase name="unzipArchive" time="0.007" classname="com.atoito.please.test.unit.ArchiveActionsTest"/>
</testsuite>
