<?xml version="1.0" encoding="UTF-8"?>
<!-- Generated by org.testng.reporters.JUnitReportReporter -->
<testsuite hostname="lap" name="com.atoito.please.test.unit.DirectoriesTest" tests="3" failures="0" timestamp="28 Feb 2012 20:27:00 GMT" time="0.026" errors="0">
  <testcase name="testIsEmpty" time="0.002" classname="com.atoito.please.test.unit.DirectoriesTest"/>
  <testcase name="testListing" time="0.011" classname="com.atoito.please.test.unit.DirectoriesTest"/>
  <testcase name="testFilteredListing" time="0.013" classname="com.atoito.please.test.unit.DirectoriesTest"/>
</testsuite> <!-- com.atoito.please.test.unit.DirectoriesTest -->
