<?xml version="1.0" encoding="UTF-8"?>
<!-- Generated by org.testng.reporters.JUnitReportReporter -->
<testsuite hostname="lap" name="com.atoito.please.test.unit.DefaultRegistryTest" tests="3" failures="0" timestamp="28 Feb 2012 20:27:00 GMT" time="0.666" errors="0">
  <testcase name="loadOpsFile" time="0.241" classname="com.atoito.please.test.unit.DefaultRegistryTest"/>
  <testcase name="loadDefinitionsUrl" time="0.395" classname="com.atoito.please.test.unit.DefaultRegistryTest"/>
  <testcase name="loadPluginsDefinitions" time="0.030" classname="com.atoito.please.test.unit.DefaultRegistryTest"/>
</testsuite> <!-- com.atoito.please.test.unit.DefaultRegistryTest -->
