<?xml version="1.0" encoding="UTF-8"?>
<!-- Generated by org.testng.reporters.JUnitReportReporter -->
<testsuite hostname="lap" name="com.atoito.please.test.unit.OperationClosureDelegateTest" tests="1" failures="0" timestamp="24 Feb 2012 20:46:38 GMT" time="0.028" errors="0">
  <testcase name="operationLoading" time="0.028" classname="com.atoito.please.test.unit.OperationClosureDelegateTest"/>
</testsuite>
