<?xml version="1.0" encoding="UTF-8"?>
<!-- Generated by org.testng.reporters.JUnitReportReporter -->
<testsuite hostname="lap" name="com.atoito.please.test.unit.CopySingleFileActionTest" tests="4" failures="0" timestamp="28 Feb 2012 20:27:00 GMT" time="0.023" errors="0">
  <testcase name="overwriteFile" time="0.019" classname="com.atoito.please.test.unit.CopySingleFileActionTest"/>
  <testcase name="failsIfFromDoensNotExist" time="0.001" classname="com.atoito.please.test.unit.CopySingleFileActionTest"/>
  <testcase name="copySingleFile" time="0.001" classname="com.atoito.please.test.unit.CopySingleFileActionTest"/>
  <testcase name="copySingleFileToExistentDirectory" time="0.002" classname="com.atoito.please.test.unit.CopySingleFileActionTest"/>
</testsuite> <!-- com.atoito.please.test.unit.CopySingleFileActionTest -->
