<?xml version="1.0" encoding="UTF-8"?>
<!-- Generated by org.testng.reporters.JUnitReportReporter -->
<testsuite hostname="lap" name="com.atoito.please.test.unit.CopySingleFileActionTest" tests="4" failures="0" timestamp="24 Feb 2012 20:46:38 GMT" time="0.063" errors="0">
  <testcase name="failsIfFromDoensNotExist" time="0.003" classname="com.atoito.please.test.unit.CopySingleFileActionTest"/>
  <testcase name="overwriteFile" time="0.009" classname="com.atoito.please.test.unit.CopySingleFileActionTest"/>
  <testcase name="copySingleFile" time="0.049" classname="com.atoito.please.test.unit.CopySingleFileActionTest"/>
  <testcase name="copySingleFileToExistentDirectory" time="0.002" classname="com.atoito.please.test.unit.CopySingleFileActionTest"/>
</testsuite>
