<?xml version="1.0" encoding="UTF-8"?>
<!-- Generated by org.testng.reporters.JUnitReportReporter -->
<testsuite hostname="lap" name="com.atoito.please.uat.BasicFunctionalitySmokeUat" tests="4" failures="0" timestamp="24 Feb 2012 20:46:47 GMT" time="3.341" errors="0">
  <testcase name="basicFunctionsAreWorking" time="1.194" classname="com.atoito.please.uat.BasicFunctionalitySmokeUat"/>
  <testcase name="basicFunctionsAreWorking" time="1.122" classname="com.atoito.please.uat.BasicFunctionalitySmokeUat"/>
  <testcase name="basicFunctionsAreWorking" time="0.097" classname="com.atoito.please.uat.BasicFunctionalitySmokeUat"/>
  <testcase name="basicFunctionsAreWorking" time="0.928" classname="com.atoito.please.uat.BasicFunctionalitySmokeUat"/>
</testsuite>
