<?xml version="1.0" encoding="UTF-8"?>
<!-- Generated by org.testng.reporters.JUnitReportReporter -->
<testsuite hostname="lap" name="com.atoito.please.uat.CreateDeleteDirectoryUat" tests="2" failures="0" timestamp="24 Feb 2012 20:46:47 GMT" time="2.208" errors="0">
  <testcase name="createDirectory" time="1.285" classname="com.atoito.please.uat.CreateDeleteDirectoryUat"/>
  <testcase name="deleteDirectory" time="0.923" classname="com.atoito.please.uat.CreateDeleteDirectoryUat"/>
</testsuite>
