<?xml version="1.0" encoding="UTF-8"?>
<!-- Generated by org.testng.reporters.JUnitReportReporter -->
<testsuite hostname="lap" name="com.atoito.please.uat.BasicFunctionalitySmokeUat" tests="4" failures="0" timestamp="28 Feb 2012 20:27:09 GMT" time="3.417" errors="0">
  <testcase name="basicFunctionsAreWorking" time="0.138" classname="com.atoito.please.uat.BasicFunctionalitySmokeUat"/>
  <testcase name="basicFunctionsAreWorking" time="1.162" classname="com.atoito.please.uat.BasicFunctionalitySmokeUat"/>
  <testcase name="basicFunctionsAreWorking" time="1.097" classname="com.atoito.please.uat.BasicFunctionalitySmokeUat"/>
  <testcase name="basicFunctionsAreWorking" time="1.020" classname="com.atoito.please.uat.BasicFunctionalitySmokeUat"/>
</testsuite> <!-- com.atoito.please.uat.BasicFunctionalitySmokeUat -->
