<?xml version="1.0" encoding="UTF-8"?>
<!-- Generated by org.testng.reporters.JUnitReportReporter -->
<testsuite hostname="lap" name="com.atoito.please.uat.ActionsSequenceUat" tests="1" failures="0" timestamp="24 Feb 2012 20:46:47 GMT" time="1.388" errors="0">
  <testcase name="directoryCreation" time="1.388" classname="com.atoito.please.uat.ActionsSequenceUat"/>
</testsuite>
