<?xml version="1.0" encoding="UTF-8"?>
<!-- Generated by org.testng.reporters.JUnitReportReporter -->
<testsuite hostname="lap" name="com.atoito.please.uat.CreateDeleteDirectoryUat" tests="2" failures="0" timestamp="28 Feb 2012 20:27:09 GMT" time="2.000" errors="0">
  <testcase name="deleteDirectory" time="1.070" classname="com.atoito.please.uat.CreateDeleteDirectoryUat"/>
  <testcase name="createDirectory" time="0.930" classname="com.atoito.please.uat.CreateDeleteDirectoryUat"/>
</testsuite> <!-- com.atoito.please.uat.CreateDeleteDirectoryUat -->
