<?xml version="1.0" encoding="UTF-8"?>
<!-- Generated by org.testng.reporters.JUnitReportReporter -->
<testsuite hostname="lap" name="com.atoito.please.uat.ActionsSequenceUat" tests="1" failures="0" timestamp="28 Feb 2012 20:27:09 GMT" time="1.142" errors="0">
  <testcase name="directoryCreation" time="1.142" classname="com.atoito.please.uat.ActionsSequenceUat"/>
</testsuite> <!-- com.atoito.please.uat.ActionsSequenceUat -->
